<?xml version="1.0" encoding="UTF-8"?>
<testng-results skipped="0" failed="0" ignored="0" total="1" passed="1">
  <reporter-output>
  </reporter-output>
  <suite name="Default suite" duration-ms="9732" started-at="2019-06-18T18:09:23Z" finished-at="2019-06-18T18:09:33Z">
    <groups>
    </groups>
    <test name="Default test" duration-ms="9732" started-at="2019-06-18T18:09:23Z" finished-at="2019-06-18T18:09:33Z">
      <class name="com.syntax.testcases.LoginPageTest">
        <test-method status="PASS" signature="setUp()[pri:0, instance:com.syntax.testcases.LoginPageTest@6eebc39e]" name="setUp" is-config="true" duration-ms="5649" started-at="2019-06-18T18:09:23Z" finished-at="2019-06-18T18:09:29Z">
          <reporter-output>
          </reporter-output>
        </test-method> <!-- setUp -->
        <test-method status="PASS" signature="doLogin()[pri:0, instance:com.syntax.testcases.LoginPageTest@6eebc39e]" name="doLogin" duration-ms="3245" started-at="2019-06-18T18:09:29Z" finished-at="2019-06-18T18:09:32Z">
          <reporter-output>
          </reporter-output>
        </test-method> <!-- doLogin -->
        <test-method status="PASS" signature="tearDown()[pri:0, instance:com.syntax.testcases.LoginPageTest@6eebc39e]" name="tearDown" is-config="true" duration-ms="799" started-at="2019-06-18T18:09:32Z" finished-at="2019-06-18T18:09:33Z">
          <reporter-output>
          </reporter-output>
        </test-method> <!-- tearDown -->
      </class> <!-- com.syntax.testcases.LoginPageTest -->
    </test> <!-- Default test -->
  </suite> <!-- Default suite -->
</testng-results>
